{"C:\\Users\\Lenovo\\Documents\\GitHub\\cedt-se-project-borisat_yaeng_tua\\Backend\\config\\carRentalDB.js": {"path":"C:\\Users\\Lenovo\\Documents\\GitHub\\cedt-se-project-borisat_yaeng_tua\\Backend\\config\\carRentalDB.js","statementMap":{"0":{"start":{"line":1,"column":14},"end":{"line":1,"column":30}},"1":{"start":{"line":3,"column":17},"end":{"line":8,"column":2}},"2":{"start":{"line":10,"column":0},"end":{"line":10,"column":28}}},"fnMap":{},"branchMap":{},"s":{"0":2,"1":2,"2":2},"f":{},"b":{},"_coverageSchema":"1a1c01bbd47fc00a2c39e90264f33305004495a9","hash":"1ef824f3014670de5a06b46df586b339b7645edb"}
,"C:\\Users\\Lenovo\\Documents\\GitHub\\cedt-se-project-borisat_yaeng_tua\\Backend\\controllers\\cars.js": {"path":"C:\\Users\\Lenovo\\Documents\\GitHub\\cedt-se-project-borisat_yaeng_tua\\Backend\\controllers\\cars.js","statementMap":{"0":{"start":{"line":1,"column":12},"end":{"line":1,"column":36}},"1":{"start":{"line":2,"column":18},"end":{"line":2,"column":48}},"2":{"start":{"line":7,"column":0},"end":{"line":82,"column":2}},"3":{"start":{"line":8,"column":4},"end":{"line":81,"column":5}},"4":{"start":{"line":12,"column":25},"end":{"line":12,"column":39}},"5":{"start":{"line":15,"column":29},"end":{"line":15,"column":64}},"6":{"start":{"line":18,"column":8},"end":{"line":18,"column":60}},"7":{"start":{"line":18,"column":36},"end":{"line":18,"column":58}},"8":{"start":{"line":22,"column":23},"end":{"line":22,"column":48}},"9":{"start":{"line":25,"column":8},"end":{"line":25,"column":84}},"10":{"start":{"line":25,"column":71},"end":{"line":25,"column":82}},"11":{"start":{"line":28,"column":8},"end":{"line":28,"column":68}},"12":{"start":{"line":31,"column":8},"end":{"line":34,"column":9}},"13":{"start":{"line":32,"column":27},"end":{"line":32,"column":64}},"14":{"start":{"line":33,"column":12},"end":{"line":33,"column":41}},"15":{"start":{"line":37,"column":8},"end":{"line":42,"column":9}},"16":{"start":{"line":38,"column":27},"end":{"line":38,"column":61}},"17":{"start":{"line":39,"column":12},"end":{"line":39,"column":39}},"18":{"start":{"line":41,"column":12},"end":{"line":41,"column":39}},"19":{"start":{"line":45,"column":21},"end":{"line":45,"column":54}},"20":{"start":{"line":46,"column":22},"end":{"line":46,"column":57}},"21":{"start":{"line":47,"column":27},"end":{"line":47,"column":45}},"22":{"start":{"line":48,"column":25},"end":{"line":48,"column":37}},"23":{"start":{"line":49,"column":22},"end":{"line":49,"column":68}},"24":{"start":{"line":51,"column":8},"end":{"line":51,"column":52}},"25":{"start":{"line":54,"column":20},"end":{"line":54,"column":31}},"26":{"start":{"line":57,"column":27},"end":{"line":57,"column":29}},"27":{"start":{"line":59,"column":8},"end":{"line":64,"column":9}},"28":{"start":{"line":60,"column":12},"end":{"line":63,"column":13}},"29":{"start":{"line":66,"column":8},"end":{"line":71,"column":9}},"30":{"start":{"line":67,"column":12},"end":{"line":70,"column":13}},"31":{"start":{"line":73,"column":8},"end":{"line":78,"column":11}},"32":{"start":{"line":80,"column":8},"end":{"line":80,"column":69}},"33":{"start":{"line":87,"column":0},"end":{"line":102,"column":2}},"34":{"start":{"line":88,"column":4},"end":{"line":101,"column":5}},"35":{"start":{"line":89,"column":20},"end":{"line":89,"column":53}},"36":{"start":{"line":91,"column":8},"end":{"line":93,"column":9}},"37":{"start":{"line":92,"column":12},"end":{"line":92,"column":91}},"38":{"start":{"line":95,"column":8},"end":{"line":98,"column":11}},"39":{"start":{"line":100,"column":8},"end":{"line":100,"column":69}},"40":{"start":{"line":107,"column":0},"end":{"line":122,"column":2}},"41":{"start":{"line":108,"column":4},"end":{"line":121,"column":5}},"42":{"start":{"line":109,"column":20},"end":{"line":109,"column":61}},"43":{"start":{"line":111,"column":8},"end":{"line":113,"column":9}},"44":{"start":{"line":112,"column":12},"end":{"line":112,"column":92}},"45":{"start":{"line":115,"column":8},"end":{"line":118,"column":11}},"46":{"start":{"line":120,"column":8},"end":{"line":120,"column":69}},"47":{"start":{"line":127,"column":0},"end":{"line":137,"column":2}},"48":{"start":{"line":128,"column":4},"end":{"line":136,"column":5}},"49":{"start":{"line":129,"column":20},"end":{"line":129,"column":74}},"50":{"start":{"line":130,"column":8},"end":{"line":133,"column":10}},"51":{"start":{"line":135,"column":8},"end":{"line":135,"column":71}},"52":{"start":{"line":142,"column":0},"end":{"line":166,"column":2}},"53":{"start":{"line":143,"column":4},"end":{"line":165,"column":5}},"54":{"start":{"line":144,"column":20},"end":{"line":147,"column":10}},"55":{"start":{"line":149,"column":8},"end":{"line":151,"column":9}},"56":{"start":{"line":150,"column":12},"end":{"line":150,"column":58}},"57":{"start":{"line":153,"column":8},"end":{"line":158,"column":9}},"58":{"start":{"line":154,"column":12},"end":{"line":157,"column":14}},"59":{"start":{"line":160,"column":8},"end":{"line":160,"column":57}},"60":{"start":{"line":163,"column":8},"end":{"line":163,"column":25}},"61":{"start":{"line":164,"column":8},"end":{"line":164,"column":47}},"62":{"start":{"line":171,"column":0},"end":{"line":198,"column":2}},"63":{"start":{"line":172,"column":4},"end":{"line":197,"column":5}},"64":{"start":{"line":173,"column":20},"end":{"line":173,"column":53}},"65":{"start":{"line":175,"column":8},"end":{"line":177,"column":9}},"66":{"start":{"line":176,"column":12},"end":{"line":176,"column":86}},"67":{"start":{"line":179,"column":8},"end":{"line":184,"column":9}},"68":{"start":{"line":180,"column":12},"end":{"line":183,"column":15}},"69":{"start":{"line":193,"column":8},"end":{"line":193,"column":30}},"70":{"start":{"line":194,"column":8},"end":{"line":194,"column":85}},"71":{"start":{"line":196,"column":8},"end":{"line":196,"column":71}},"72":{"start":{"line":203,"column":0},"end":{"line":212,"column":1}},"73":{"start":{"line":204,"column":4},"end":{"line":211,"column":7}},"74":{"start":{"line":205,"column":8},"end":{"line":210,"column":28}},"75":{"start":{"line":206,"column":12},"end":{"line":209,"column":15}},"76":{"start":{"line":210,"column":13},"end":{"line":210,"column":28}}},"fnMap":{"0":{"name":"(anonymous_0)","decl":{"start":{"line":7,"column":18},"end":{"line":7,"column":19}},"loc":{"start":{"line":7,"column":44},"end":{"line":82,"column":1}},"line":7},"1":{"name":"(anonymous_1)","decl":{"start":{"line":18,"column":29},"end":{"line":18,"column":30}},"loc":{"start":{"line":18,"column":36},"end":{"line":18,"column":58}},"line":18},"2":{"name":"(anonymous_2)","decl":{"start":{"line":25,"column":64},"end":{"line":25,"column":65}},"loc":{"start":{"line":25,"column":71},"end":{"line":25,"column":82}},"line":25},"3":{"name":"(anonymous_3)","decl":{"start":{"line":87,"column":17},"end":{"line":87,"column":18}},"loc":{"start":{"line":87,"column":43},"end":{"line":102,"column":1}},"line":87},"4":{"name":"(anonymous_4)","decl":{"start":{"line":107,"column":26},"end":{"line":107,"column":27}},"loc":{"start":{"line":107,"column":52},"end":{"line":122,"column":1}},"line":107},"5":{"name":"(anonymous_5)","decl":{"start":{"line":127,"column":20},"end":{"line":127,"column":21}},"loc":{"start":{"line":127,"column":46},"end":{"line":137,"column":1}},"line":127},"6":{"name":"(anonymous_6)","decl":{"start":{"line":142,"column":20},"end":{"line":142,"column":21}},"loc":{"start":{"line":142,"column":46},"end":{"line":166,"column":1}},"line":142},"7":{"name":"(anonymous_7)","decl":{"start":{"line":171,"column":20},"end":{"line":171,"column":21}},"loc":{"start":{"line":171,"column":46},"end":{"line":198,"column":1}},"line":171},"8":{"name":"(anonymous_8)","decl":{"start":{"line":203,"column":23},"end":{"line":203,"column":24}},"loc":{"start":{"line":203,"column":39},"end":{"line":212,"column":1}},"line":203},"9":{"name":"(anonymous_9)","decl":{"start":{"line":204,"column":21},"end":{"line":204,"column":22}},"loc":{"start":{"line":204,"column":36},"end":{"line":211,"column":5}},"line":204}},"branchMap":{"0":{"loc":{"start":{"line":31,"column":8},"end":{"line":34,"column":9}},"type":"if","locations":[{"start":{"line":31,"column":8},"end":{"line":34,"column":9}},{"start":{},"end":{}}],"line":31},"1":{"loc":{"start":{"line":37,"column":8},"end":{"line":42,"column":9}},"type":"if","locations":[{"start":{"line":37,"column":8},"end":{"line":42,"column":9}},{"start":{"line":40,"column":15},"end":{"line":42,"column":9}}],"line":37},"2":{"loc":{"start":{"line":45,"column":21},"end":{"line":45,"column":54}},"type":"binary-expr","locations":[{"start":{"line":45,"column":21},"end":{"line":45,"column":49}},{"start":{"line":45,"column":53},"end":{"line":45,"column":54}}],"line":45},"3":{"loc":{"start":{"line":46,"column":22},"end":{"line":46,"column":57}},"type":"binary-expr","locations":[{"start":{"line":46,"column":22},"end":{"line":46,"column":51}},{"start":{"line":46,"column":55},"end":{"line":46,"column":57}}],"line":46},"4":{"loc":{"start":{"line":59,"column":8},"end":{"line":64,"column":9}},"type":"if","locations":[{"start":{"line":59,"column":8},"end":{"line":64,"column":9}},{"start":{},"end":{}}],"line":59},"5":{"loc":{"start":{"line":66,"column":8},"end":{"line":71,"column":9}},"type":"if","locations":[{"start":{"line":66,"column":8},"end":{"line":71,"column":9}},{"start":{},"end":{}}],"line":66},"6":{"loc":{"start":{"line":91,"column":8},"end":{"line":93,"column":9}},"type":"if","locations":[{"start":{"line":91,"column":8},"end":{"line":93,"column":9}},{"start":{},"end":{}}],"line":91},"7":{"loc":{"start":{"line":111,"column":8},"end":{"line":113,"column":9}},"type":"if","locations":[{"start":{"line":111,"column":8},"end":{"line":113,"column":9}},{"start":{},"end":{}}],"line":111},"8":{"loc":{"start":{"line":111,"column":12},"end":{"line":111,"column":35}},"type":"binary-expr","locations":[{"start":{"line":111,"column":12},"end":{"line":111,"column":16}},{"start":{"line":111,"column":20},"end":{"line":111,"column":35}}],"line":111},"9":{"loc":{"start":{"line":149,"column":8},"end":{"line":151,"column":9}},"type":"if","locations":[{"start":{"line":149,"column":8},"end":{"line":151,"column":9}},{"start":{},"end":{}}],"line":149},"10":{"loc":{"start":{"line":153,"column":8},"end":{"line":158,"column":9}},"type":"if","locations":[{"start":{"line":153,"column":8},"end":{"line":158,"column":9}},{"start":{},"end":{}}],"line":153},"11":{"loc":{"start":{"line":153,"column":11},"end":{"line":153,"column":112}},"type":"binary-expr","locations":[{"start":{"line":153,"column":11},"end":{"line":153,"column":35}},{"start":{"line":153,"column":40},"end":{"line":153,"column":79}},{"start":{"line":153,"column":83},"end":{"line":153,"column":111}}],"line":153},"12":{"loc":{"start":{"line":175,"column":8},"end":{"line":177,"column":9}},"type":"if","locations":[{"start":{"line":175,"column":8},"end":{"line":177,"column":9}},{"start":{},"end":{}}],"line":175},"13":{"loc":{"start":{"line":179,"column":8},"end":{"line":184,"column":9}},"type":"if","locations":[{"start":{"line":179,"column":8},"end":{"line":184,"column":9}},{"start":{},"end":{}}],"line":179},"14":{"loc":{"start":{"line":179,"column":11},"end":{"line":179,"column":112}},"type":"binary-expr","locations":[{"start":{"line":179,"column":11},"end":{"line":179,"column":35}},{"start":{"line":179,"column":40},"end":{"line":179,"column":79}},{"start":{"line":179,"column":83},"end":{"line":179,"column":111}}],"line":179},"15":{"loc":{"start":{"line":205,"column":8},"end":{"line":210,"column":28}},"type":"if","locations":[{"start":{"line":205,"column":8},"end":{"line":210,"column":28}},{"start":{"line":210,"column":13},"end":{"line":210,"column":28}}],"line":205},"16":{"loc":{"start":{"line":208,"column":20},"end":{"line":208,"column":86}},"type":"binary-expr","locations":[{"start":{"line":208,"column":20},"end":{"line":208,"column":31}},{"start":{"line":208,"column":35},"end":{"line":208,"column":86}}],"line":208}},"s":{"0":2,"1":2,"2":2,"3":0,"4":0,"5":0,"6":0,"7":0,"8":0,"9":0,"10":0,"11":0,"12":0,"13":0,"14":0,"15":0,"16":0,"17":0,"18":0,"19":0,"20":0,"21":0,"22":0,"23":0,"24":0,"25":0,"26":0,"27":0,"28":0,"29":0,"30":0,"31":0,"32":0,"33":2,"34":0,"35":0,"36":0,"37":0,"38":0,"39":0,"40":2,"41":0,"42":0,"43":0,"44":0,"45":0,"46":0,"47":2,"48":9,"49":9,"50":1,"51":8,"52":2,"53":0,"54":0,"55":0,"56":0,"57":0,"58":0,"59":0,"60":0,"61":0,"62":2,"63":2,"64":2,"65":2,"66":0,"67":2,"68":0,"69":2,"70":2,"71":0,"72":2,"73":0,"74":0,"75":0,"76":0},"f":{"0":0,"1":0,"2":0,"3":0,"4":0,"5":9,"6":0,"7":2,"8":0,"9":0},"b":{"0":[0,0],"1":[0,0],"2":[0,0],"3":[0,0],"4":[0,0],"5":[0,0],"6":[0,0],"7":[0,0],"8":[0,0],"9":[0,0],"10":[0,0],"11":[0,0,0],"12":[0,2],"13":[0,2],"14":[2,2,0],"15":[0,0],"16":[0,0]},"_coverageSchema":"1a1c01bbd47fc00a2c39e90264f33305004495a9","hash":"d8127d5a1fcf80467d88bc9fb6e244344a722b97"}
,"C:\\Users\\Lenovo\\Documents\\GitHub\\cedt-se-project-borisat_yaeng_tua\\Backend\\models\\Car.js": {"path":"C:\\Users\\Lenovo\\Documents\\GitHub\\cedt-se-project-borisat_yaeng_tua\\Backend\\models\\Car.js","statementMap":{"0":{"start":{"line":1,"column":17},"end":{"line":1,"column":36}},"1":{"start":{"line":3,"column":18},"end":{"line":59,"column":2}},"2":{"start":{"line":62,"column":0},"end":{"line":66,"column":3}},"3":{"start":{"line":63,"column":4},"end":{"line":63,"column":63}},"4":{"start":{"line":64,"column":4},"end":{"line":64,"column":60}},"5":{"start":{"line":65,"column":4},"end":{"line":65,"column":11}},"6":{"start":{"line":69,"column":0},"end":{"line":74,"column":3}},"7":{"start":{"line":76,"column":0},"end":{"line":76,"column":50}}},"fnMap":{"0":{"name":"(anonymous_0)","decl":{"start":{"line":62,"column":61},"end":{"line":62,"column":62}},"loc":{"start":{"line":62,"column":82},"end":{"line":66,"column":1}},"line":62}},"branchMap":{},"s":{"0":1,"1":1,"2":1,"3":0,"4":0,"5":0,"6":1,"7":1},"f":{"0":0},"b":{},"_coverageSchema":"1a1c01bbd47fc00a2c39e90264f33305004495a9","hash":"7c97eb44ae192f6ed595ed512f0db1d38f8f10fa"}
,"C:\\Users\\Lenovo\\Documents\\GitHub\\cedt-se-project-borisat_yaeng_tua\\Backend\\models\\carRental.js": {"path":"C:\\Users\\Lenovo\\Documents\\GitHub\\cedt-se-project-borisat_yaeng_tua\\Backend\\models\\carRental.js","statementMap":{"0":{"start":{"line":1,"column":12},"end":{"line":1,"column":44}},"1":{"start":{"line":4,"column":18},"end":{"line":8,"column":1}},"2":{"start":{"line":5,"column":4},"end":{"line":5,"column":27}},"3":{"start":{"line":6,"column":4},"end":{"line":6,"column":31}},"4":{"start":{"line":7,"column":4},"end":{"line":7,"column":29}},"5":{"start":{"line":10,"column":0},"end":{"line":20,"column":1}},"6":{"start":{"line":11,"column":4},"end":{"line":19,"column":7}},"7":{"start":{"line":12,"column":8},"end":{"line":16,"column":9}},"8":{"start":{"line":13,"column":12},"end":{"line":13,"column":40}},"9":{"start":{"line":14,"column":12},"end":{"line":14,"column":30}},"10":{"start":{"line":15,"column":12},"end":{"line":15,"column":19}},"11":{"start":{"line":17,"column":8},"end":{"line":17,"column":40}},"12":{"start":{"line":18,"column":8},"end":{"line":18,"column":26}},"13":{"start":{"line":22,"column":0},"end":{"line":22,"column":27}}},"fnMap":{"0":{"name":"(anonymous_0)","decl":{"start":{"line":4,"column":18},"end":{"line":4,"column":19}},"loc":{"start":{"line":4,"column":38},"end":{"line":8,"column":1}},"line":4},"1":{"name":"(anonymous_1)","decl":{"start":{"line":10,"column":19},"end":{"line":10,"column":20}},"loc":{"start":{"line":10,"column":29},"end":{"line":20,"column":1}},"line":10},"2":{"name":"(anonymous_2)","decl":{"start":{"line":11,"column":42},"end":{"line":11,"column":43}},"loc":{"start":{"line":11,"column":56},"end":{"line":19,"column":5}},"line":11}},"branchMap":{"0":{"loc":{"start":{"line":12,"column":8},"end":{"line":16,"column":9}},"type":"if","locations":[{"start":{"line":12,"column":8},"end":{"line":16,"column":9}},{"start":{},"end":{}}],"line":12}},"s":{"0":2,"1":2,"2":0,"3":0,"4":0,"5":2,"6":0,"7":0,"8":0,"9":0,"10":0,"11":0,"12":0,"13":2},"f":{"0":0,"1":0,"2":0},"b":{"0":[0,0]},"_coverageSchema":"1a1c01bbd47fc00a2c39e90264f33305004495a9","hash":"1af134341543c0a26faa87981d8dc5d6411a60e9"}
}
